{"level":30,"time":"2026-02-18T18:35:52.986Z","pid":61396,"hostname":"DStairsPC1","component":"orchestrator","prdPath":"C:\\GitHub\\GetShitDone\\get-shit-done\\test-prd.md","msg":"Starting autopilot run"}
{"level":30,"time":"2026-02-18T18:35:52.988Z","pid":61396,"hostname":"DStairsPC1","component":"orchestrator","prdPath":"C:\\GitHub\\GetShitDone\\get-shit-done\\test-prd.md","msg":"Initializing project"}
{"level":30,"time":"2026-02-18T18:35:53.014Z","pid":61396,"hostname":"DStairsPC1","component":"orchestrator","phase":0,"step":"init","msg":"Running command: /gsd:new-project --auto C:\\GitHub\\GetShitDone\\get-shit-done\\test-prd.md"}
{"level":30,"time":"2026-02-18T18:36:13.987Z","pid":61396,"hostname":"DStairsPC1","component":"orchestrator","success":true,"durationMs":20972,"costUsd":0.37388075,"numTurns":4,"resultPreview":"This is an existing GSD project (the `get-shit-done` tool itself). The init detected `project_exists: true` which means I should error per the workflow:\n\n╔══════════════════════════════════════════════════════════════╗\n║  ERROR                                                       ║\n╚══════════════════════════════════════════════════════════════╝\n\nProject already initialized. `.planning/PROJECT.md` exists.\n\nThis directory already has a GSD project set up — it's the `get-shit-done` tool itself.\n\n","msg":"Init command result"}
{"level":30,"time":"2026-02-18T18:36:14.020Z","pid":61396,"hostname":"DStairsPC1","component":"orchestrator","phase":3,"step":"discuss","msg":"Step discuss completed for phase 3"}
{"level":30,"time":"2026-02-18T18:36:14.027Z","pid":61396,"hostname":"DStairsPC1","component":"orchestrator","phase":3,"step":"plan","msg":"Running command: /gsd:plan-phase 3"}
{"level":30,"time":"2026-02-24T03:05:41.582Z","pid":54056,"hostname":"DStairsPC1","component":"orchestrator","prdPath":"","msg":"Starting autopilot run"}
{"level":30,"time":"2026-02-24T03:05:41.584Z","pid":54056,"hostname":"DStairsPC1","component":"orchestrator","prdPath":"","msg":"Initializing project"}
{"level":30,"time":"2026-02-24T03:05:41.944Z","pid":54056,"hostname":"DStairsPC1","component":"orchestrator","phases":7,"msg":"Reusing existing ROADMAP.md"}
{"level":30,"time":"2026-02-24T03:05:42.308Z","pid":54056,"hostname":"DStairsPC1","component":"orchestrator","phase":3,"step":"discuss","msg":"Running command: /gsd:discuss-phase 3"}
{"level":30,"time":"2026-02-24T17:37:52.788Z","pid":69196,"hostname":"DStairsPC1","component":"orchestrator","prdPath":"","msg":"Starting autopilot run"}
{"level":30,"time":"2026-02-24T17:37:52.794Z","pid":69196,"hostname":"DStairsPC1","component":"orchestrator","newPhases":[3.1,3.2,6.1,8,9],"msg":"Synced 5 new phase(s) from ROADMAP.md"}
{"level":30,"time":"2026-02-24T17:37:52.794Z","pid":69196,"hostname":"DStairsPC1","component":"orchestrator","msg":"Phase 3.1 has passed verification on disk — marking completed"}
{"level":30,"time":"2026-02-24T17:37:52.795Z","pid":69196,"hostname":"DStairsPC1","component":"orchestrator","msg":"Phase 4 has passed verification on disk — marking completed"}
{"level":30,"time":"2026-02-24T17:37:52.801Z","pid":69196,"hostname":"DStairsPC1","component":"orchestrator","msg":"Cleared 1 stale unanswered question(s) from previous session"}
{"level":30,"time":"2026-02-24T17:37:52.840Z","pid":69196,"hostname":"DStairsPC1","component":"orchestrator","phase":9,"step":"discuss","msg":"Running command: /gsd:discuss-phase 9"}
{"level":30,"time":"2026-02-24T17:38:46.233Z","pid":69196,"hostname":"DStairsPC1","component":"orchestrator","phase":9,"step":"discuss","msg":"Step discuss completed for phase 9"}
{"level":30,"time":"2026-02-24T17:38:46.253Z","pid":69196,"hostname":"DStairsPC1","component":"orchestrator","phase":9,"step":"plan","msg":"Running command: /gsd:plan-phase 9"}
{"level":30,"time":"2026-02-24T17:54:42.186Z","pid":69196,"hostname":"DStairsPC1","component":"orchestrator","phase":9,"step":"plan","msg":"Step plan completed for phase 9"}
{"level":30,"time":"2026-02-24T17:54:42.215Z","pid":69196,"hostname":"DStairsPC1","component":"orchestrator","phase":9,"step":"execute","msg":"Running command: /gsd:execute-phase 9"}
